\BOOKMARK [0][-]{section*.1}{Signature Page}{}% 1
\BOOKMARK [0][-]{section*.2}{Dedication}{}% 2
\BOOKMARK [0][-]{section*.3}{Epigraph}{}% 3
\BOOKMARK [0][-]{section*.4}{Table of Contents}{}% 4
\BOOKMARK [0][-]{section*.5}{List of Figures}{}% 5
\BOOKMARK [0][-]{section*.6}{List of Tables}{}% 6
\BOOKMARK [0][-]{section*.7}{Acknowledgements}{}% 7
\BOOKMARK [0][-]{section*.8}{Vita}{}% 8
\BOOKMARK [0][-]{section*.9}{Abstract of the Dissertation}{}% 9
\BOOKMARK [0][-]{chapter.1}{Introduction}{}% 10
\BOOKMARK [1][-]{section.1.1}{The standard model of particle physics}{chapter.1}% 11
\BOOKMARK [0][-]{chapter.2}{The acquisition of data}{}% 12
\BOOKMARK [1][-]{section.2.1}{The LHC}{chapter.2}% 13
\BOOKMARK [2][-]{subsection.2.1.1}{What gets made?}{section.2.1}% 14
\BOOKMARK [1][-]{section.2.2}{The CMS Detector}{chapter.2}% 15
\BOOKMARK [2][-]{subsection.2.2.1}{The Inner Tracker}{section.2.2}% 16
\BOOKMARK [2][-]{subsection.2.2.2}{The Electromagnetic Calorimeter}{section.2.2}% 17
\BOOKMARK [2][-]{subsection.2.2.3}{The Hadronic Calorimeter}{section.2.2}% 18
\BOOKMARK [2][-]{subsection.2.2.4}{The Muon System}{section.2.2}% 19
\BOOKMARK [2][-]{subsection.2.2.5}{Fiducial Area}{section.2.2}% 20
\BOOKMARK [2][-]{subsection.2.2.6}{Event Triggering}{section.2.2}% 21
\BOOKMARK [1][-]{section.2.3}{Physics Objects}{chapter.2}% 22
\BOOKMARK [2][-]{subsection.2.3.1}{Particle flow and event clustering}{section.2.3}% 23
\BOOKMARK [2][-]{subsection.2.3.2}{Vertex Selection}{section.2.3}% 24
\BOOKMARK [2][-]{subsection.2.3.3}{B-Tagging}{section.2.3}% 25
\BOOKMARK [2][-]{subsection.2.3.4}{Electron Measurement Pipeline}{section.2.3}% 26
\BOOKMARK [2][-]{subsection.2.3.5}{Muon Measurement Pipeline}{section.2.3}% 27
\BOOKMARK [2][-]{subsection.2.3.6}{Photon Measurement Pipeline}{section.2.3}% 28
\BOOKMARK [2][-]{subsection.2.3.7}{Lepton Selection and Isolation}{section.2.3}% 29
\BOOKMARK [2][-]{subsection.2.3.8}{Isolated Tracks}{section.2.3}% 30
\BOOKMARK [2][-]{subsection.2.3.9}{MET Reconstruction}{section.2.3}% 31
\BOOKMARK [2][-]{subsection.2.3.10}{MET Filters}{section.2.3}% 32
\BOOKMARK [1][-]{section.2.4}{Monte Carlo}{chapter.2}% 33
\BOOKMARK [1][-]{section.2.5}{Datasets}{chapter.2}% 34
\BOOKMARK [0][-]{chapter.3}{A search for new physics in events with a Z boson, missing transverse energy, and jets}{}% 35
\BOOKMARK [1][-]{section.3.1}{Motivations}{chapter.3}% 36
\BOOKMARK [2][-]{subsection.3.1.1}{Motivating Models}{section.3.1}% 37
\BOOKMARK [1][-]{section.3.2}{Analysis Strategy}{chapter.3}% 38
\BOOKMARK [2][-]{subsection.3.2.1}{Background Considerations}{section.3.2}% 39
\BOOKMARK [1][-]{section.3.3}{Object Selection}{chapter.3}% 40
\BOOKMARK [2][-]{subsection.3.3.1}{Electron ID and Isolation}{section.3.3}% 41
\BOOKMARK [2][-]{subsection.3.3.2}{Muon ID and Isolation}{section.3.3}% 42
\BOOKMARK [2][-]{subsection.3.3.3}{Jet Selection}{section.3.3}% 43
\BOOKMARK [2][-]{subsection.3.3.4}{Photon Selection}{section.3.3}% 44
\BOOKMARK [2][-]{subsection.3.3.5}{Isolated Tracks}{section.3.3}% 45
\BOOKMARK [1][-]{section.3.4}{Event Selection}{chapter.3}% 46
\BOOKMARK [2][-]{subsection.3.4.1}{Lepton Selection}{section.3.4}% 47
\BOOKMARK [2][-]{subsection.3.4.2}{Event Vetos}{section.3.4}% 48
\BOOKMARK [2][-]{subsection.3.4.3}{Search Regions}{section.3.4}% 49
\BOOKMARK [2][-]{subsection.3.4.4}{Flavor Symmetric Control Region}{section.3.4}% 50
\BOOKMARK [2][-]{subsection.3.4.5}{MET Templates Closure Region}{section.3.4}% 51
\BOOKMARK [2][-]{subsection.3.4.6}{EWK Subtraction Closure Region}{section.3.4}% 52
\BOOKMARK [1][-]{section.3.5}{Background Estimation Methods}{chapter.3}% 53
\BOOKMARK [2][-]{subsection.3.5.1}{Z + Hadronic}{section.3.5}% 54
\BOOKMARK [2][-]{subsection.3.5.2}{Flavor Symmetric Background}{section.3.5}% 55
\BOOKMARK [2][-]{subsection.3.5.3}{Z + }{section.3.5}% 56
\BOOKMARK [1][-]{section.3.6}{Results}{chapter.3}% 57
\BOOKMARK [1][-]{section.3.7}{Signal Interpretations}{chapter.3}% 58
\BOOKMARK [1][-]{section.3.8}{The Electroweak Combination}{chapter.3}% 59
\BOOKMARK [0][-]{chapter.4}{Conclusions}{}% 60
\BOOKMARK [1][-]{section.4.1}{What the hell did I do, and what didn't I do?}{chapter.4}% 61
\BOOKMARK [2][-]{subsection.4.1.1}{What I did}{section.4.1}% 62
\BOOKMARK [2][-]{subsection.4.1.2}{What I didn't do}{section.4.1}% 63
\BOOKMARK [0][-]{chapter.5}{Glossary Of Terms}{}% 64
\BOOKMARK [0][-]{chapter.6}{Just a Test}{}% 65
\BOOKMARK [1][-]{section.6.1}{A section}{chapter.6}% 66
\BOOKMARK [2][-]{subsection.6.1.1}{A Figure Example}{section.6.1}% 67
\BOOKMARK [2][-]{subsection.6.1.2}{A Table Example}{section.6.1}% 68
\BOOKMARK [0][-]{appendix.A}{Final notes}{}% 69
\BOOKMARK [0][-]{appendix*.23}{Bibliography}{}% 70
